<?xml version="1.0" encoding="UTF-8" ?>
<testsuite errors="0" failures="0" hostname="ip-172-31-61-100" name="team4.model.VideoGameTest" skipped="0" tests="10" time="0.06" timestamp="2016-12-09T07:07:40">
  <properties>
[...]
</properties>
  <testcase classname="team4.model.VideoGameTest" name="testSetDeveloper" time="0.001" />
  <testcase classname="team4.model.VideoGameTest" name="testGetId" time="0.0" />
  <testcase classname="team4.model.VideoGameTest" name="testSetId" time="0.0" />
  <testcase classname="team4.model.VideoGameTest" name="testSetConsole" time="0.0" />
  <testcase classname="team4.model.VideoGameTest" name="testGetName" time="0.0" />
  <testcase classname="team4.model.VideoGameTest" name="testGetDeveloper" time="0.0" />
  <testcase classname="team4.model.VideoGameTest" name="testSetRating" time="0.0" />
  <testcase classname="team4.model.VideoGameTest" name="testGetConsole" time="0.0" />
  <testcase classname="team4.model.VideoGameTest" name="testGetRating" time="0.0" />
  <testcase classname="team4.model.VideoGameTest" name="testSetName" time="0.0" />
  <system-out><![CDATA[setDeveloper
getId
setId
setConsole
getName
getDeveloper
setRating
getConsole
getRating
setName
]]></system-out>
  <system-err><![CDATA[]]></system-err>
</testsuite>
